# JRE version: OpenJDK Runtime Environment (21.0.3) (build 21.0.3+-12282718-b509.11)
# Java VM: OpenJDK 64-Bit Server VM (21.0.3+-12282718-b509.11, mixed mode, tiered, compressed oops, compressed class ptrs, g1 gc, windows-amd64)
GC Precious Log:
 CardTable entry size: 512
 Card Set container configuration: InlinePtr #cards 4 size 8 Array Of Cards #cards 32 size 80 Howl #buckets 8 coarsen threshold 7372 Howl Bitmap #cards 1024 size 144 coarsen threshold 921 Card regions per heap region 1 cards per card region 8192
 CPUs: 8 total, 8 available
 Memory: 3784M
 Large Page Support: Disabled
 NUMA Support: Disabled
 Compressed Oops: Enabled (Zero based)
 Heap Region Size: 4M
 Heap Min Capacity: 8M
 Heap Initial Capacity: 60M
 Heap Max Capacity: 8G
 Pre-touch: Disabled
 Parallel Workers: 8
 Concurrent Workers: 2
 Concurrent Refinement Workers: 8
 Periodic GC: Disabled
Heap:
 garbage-first heap   total 389120K, used 242760K [0x0000000600000000, 0x0000000800000000)
  region size 4096K, 13 young (53248K), 2 survivors (8192K)
 Metaspace       used 141422K, committed 144064K, reserved 1179648K
  class space    used 19023K, committed 20352K, reserved 1048576K
GC Heap History (20 events):
Event: 92.790 GC heap before
{Heap before GC invocations=48 (full 0):
 garbage-first heap   total 200704K, used 171411K [0x0000000600000000, 0x0000000800000000)
  region size 4096K, 17 young (69632K), 2 survivors (8192K)
 Metaspace       used 100819K, committed 102912K, reserved 1179648K
  class space    used 13771K, committed 14784K, reserved 1048576K
}
Event: 92.811 GC heap after
{Heap after GC invocations=49 (full 0):
 garbage-first heap   total 253952K, used 110291K [0x0000000600000000, 0x0000000800000000)
  region size 4096K, 3 young (12288K), 3 survivors (12288K)
 Metaspace       used 100819K, committed 102912K, reserved 1179648K
  class space    used 13771K, committed 14784K, reserved 1048576K
}
Event: 96.099 GC heap before
{Heap before GC invocations=49 (full 0):
 garbage-first heap   total 253952K, used 212691K [0x0000000600000000, 0x0000000800000000)
  region size 4096K, 27 young (110592K), 3 survivors (12288K)
 Metaspace       used 103121K, committed 105344K, reserved 1179648K
  class space    used 14071K, committed 15168K, reserved 1048576K
}
Event: 96.121 GC heap after
{Heap after GC invocations=50 (full 0):
 garbage-first heap   total 253952K, used 124030K [0x0000000600000000, 0x0000000800000000)
  region size 4096K, 4 young (16384K), 4 survivors (16384K)
 Metaspace       used 103121K, committed 105344K, reserved 1179648K
  class space    used 14071K, committed 15168K, reserved 1048576K
}
Event: 98.923 GC heap before
{Heap before GC invocations=50 (full 0):
 garbage-first heap   total 253952K, used 210046K [0x0000000600000000, 0x0000000800000000)
  region size 4096K, 26 young (106496K), 4 survivors (16384K)
 Metaspace       used 103382K, committed 105536K, reserved 1179648K
  class space    used 14072K, committed 15168K, reserved 1048576K
}
Event: 98.944 GC heap after
{Heap after GC invocations=51 (full 0):
 garbage-first heap   total 253952K, used 130462K [0x0000000600000000, 0x0000000800000000)
  region size 4096K, 2 young (8192K), 2 survivors (8192K)
 Metaspace       used 103382K, committed 105536K, reserved 1179648K
  class space    used 14072K, committed 15168K, reserved 1048576K
}
Event: 100.082 GC heap before
{Heap before GC invocations=51 (full 0):
 garbage-first heap   total 253952K, used 200094K [0x0000000600000000, 0x0000000800000000)
  region size 4096K, 21 young (86016K), 2 survivors (8192K)
 Metaspace       used 103387K, committed 105536K, reserved 1179648K
  class space    used 14072K, committed 15168K, reserved 1048576K
}
Event: 100.095 GC heap after
{Heap after GC invocations=52 (full 0):
 garbage-first heap   total 253952K, used 137032K [0x0000000600000000, 0x0000000800000000)
  region size 4096K, 3 young (12288K), 3 survivors (12288K)
 Metaspace       used 103387K, committed 105536K, reserved 1179648K
  class space    used 14072K, committed 15168K, reserved 1048576K
}
Event: 104.573 GC heap before
{Heap before GC invocations=53 (full 0):
 garbage-first heap   total 253952K, used 223048K [0x0000000600000000, 0x0000000800000000)
  region size 4096K, 24 young (98304K), 3 survivors (12288K)
 Metaspace       used 107130K, committed 109376K, reserved 1179648K
  class space    used 14588K, committed 15680K, reserved 1048576K
}
Event: 104.590 GC heap after
{Heap after GC invocations=54 (full 0):
 garbage-first heap   total 253952K, used 149671K [0x0000000600000000, 0x0000000800000000)
  region size 4096K, 3 young (12288K), 3 survivors (12288K)
 Metaspace       used 107130K, committed 109376K, reserved 1179648K
  class space    used 14588K, committed 15680K, reserved 1048576K
}
Event: 109.071 GC heap before
{Heap before GC invocations=54 (full 0):
 garbage-first heap   total 253952K, used 227495K [0x0000000600000000, 0x0000000800000000)
  region size 4096K, 21 young (86016K), 3 survivors (12288K)
 Metaspace       used 118887K, committed 121280K, reserved 1179648K
  class space    used 16474K, committed 17600K, reserved 1048576K
}
Event: 109.091 GC heap after
{Heap after GC invocations=55 (full 0):
 garbage-first heap   total 258048K, used 161312K [0x0000000600000000, 0x0000000800000000)
  region size 4096K, 2 young (8192K), 2 survivors (8192K)
 Metaspace       used 118887K, committed 121280K, reserved 1179648K
  class space    used 16474K, committed 17600K, reserved 1048576K
}
Event: 110.930 GC heap before
{Heap before GC invocations=55 (full 0):
 garbage-first heap   total 258048K, used 226848K [0x0000000600000000, 0x0000000800000000)
  region size 4096K, 18 young (73728K), 2 survivors (8192K)
 Metaspace       used 119033K, committed 121408K, reserved 1179648K
  class space    used 16479K, committed 17600K, reserved 1048576K
}
Event: 110.961 GC heap after
{Heap after GC invocations=56 (full 0):
 garbage-first heap   total 258048K, used 170820K [0x0000000600000000, 0x0000000800000000)
  region size 4096K, 3 young (12288K), 3 survivors (12288K)
 Metaspace       used 119033K, committed 121408K, reserved 1179648K
  class space    used 16479K, committed 17600K, reserved 1048576K
}
Event: 114.057 GC heap before
{Heap before GC invocations=57 (full 0):
 garbage-first heap   total 327680K, used 228164K [0x0000000600000000, 0x0000000800000000)
  region size 4096K, 17 young (69632K), 3 survivors (12288K)
 Metaspace       used 122959K, committed 125248K, reserved 1179648K
  class space    used 16944K, committed 18048K, reserved 1048576K
}
Event: 114.111 GC heap after
{Heap after GC invocations=58 (full 0):
 garbage-first heap   total 327680K, used 181162K [0x0000000600000000, 0x0000000800000000)
  region size 4096K, 3 young (12288K), 3 survivors (12288K)
 Metaspace       used 122959K, committed 125248K, reserved 1179648K
  class space    used 16944K, committed 18048K, reserved 1048576K
}
Event: 126.220 GC heap before
{Heap before GC invocations=58 (full 0):
 garbage-first heap   total 327680K, used 279466K [0x0000000600000000, 0x0000000800000000)
  region size 4096K, 26 young (106496K), 3 survivors (12288K)
 Metaspace       used 132443K, committed 135040K, reserved 1179648K
  class space    used 17961K, committed 19264K, reserved 1048576K
}
Event: 126.501 GC heap after
{Heap after GC invocations=59 (full 0):
 garbage-first heap   total 327680K, used 196224K [0x0000000600000000, 0x0000000800000000)
  region size 4096K, 3 young (12288K), 3 survivors (12288K)
 Metaspace       used 132443K, committed 135040K, reserved 1179648K
  class space    used 17961K, committed 19264K, reserved 1048576K
}
Event: 141.095 GC heap before
{Heap before GC invocations=59 (full 0):
 garbage-first heap   total 327680K, used 278144K [0x0000000600000000, 0x0000000800000000)
  region size 4096K, 24 young (98304K), 3 survivors (12288K)
 Metaspace       used 139865K, committed 142528K, reserved 1179648K
  class space    used 18865K, committed 20160K, reserved 1048576K
}
Event: 141.202 GC heap after
{Heap after GC invocations=60 (full 0):
 garbage-first heap   total 327680K, used 201800K [0x0000000600000000, 0x0000000800000000)
  region size 4096K, 2 young (8192K), 2 survivors (8192K)
 Metaspace       used 139865K, committed 142528K, reserved 1179648K
  class space    used 18865K, committed 20160K, reserved 1048576K
}

