# JRE version: OpenJDK Runtime Environment Temurin-21.0.7+6 (21.0.7+6) (build 21.0.7+6-LTS)
# Java VM: OpenJDK 64-Bit Server VM Temurin-21.0.7+6 (21.0.7+6-LTS, mixed mode, sharing, tiered, compressed oops, compressed class ptrs, parallel gc, windows-amd64)
GC Precious Log:
 CardTable entry size: 512
 CPUs: 8 total, 8 available
 Memory: 3784M
 Large Page Support: Disabled
 NUMA Support: Disabled
 Compressed Oops: Enabled (32-bit)
 Alignments: Space 512K, Generation 512K, Heap 2M
 Heap Min Capacity: 100M
 Heap Initial Capacity: 100M
 Heap Max Capacity: 1G
 Pre-touch: Disabled
 Parallel Workers: 8
Heap:
 PSYoungGen      total 5120K, used 4000K [0x00000000eab00000, 0x00000000eb100000, 0x0000000100000000)
  eden space 4096K, 85% used [0x00000000eab00000,0x00000000eae68220,0x00000000eaf00000)
  from space 1024K, 50% used [0x00000000eb000000,0x00000000eb080000,0x00000000eb100000)
  to   space 1024K, 0% used [0x00000000eaf00000,0x00000000eaf00000,0x00000000eb000000)
 ParOldGen       total 395776K, used 395552K [0x00000000c0000000, 0x00000000d8280000, 0x00000000eab00000)
  object space 395776K, 99% used [0x00000000c0000000,0x00000000d8248120,0x00000000d8280000)
 Metaspace       used 72593K, committed 74048K, reserved 1114112K
  class space    used 8800K, committed 9472K, reserved 1048576K
GC Heap History (20 events):
Event: 460.853 GC heap after
{Heap after GC invocations=488 (full 4):
 PSYoungGen      total 2560K, used 347K [0x00000000eab00000, 0x00000000eaf00000, 0x0000000100000000)
  eden space 2048K, 0% used [0x00000000eab00000,0x00000000eab00000,0x00000000ead00000)
  from space 512K, 67% used [0x00000000eae00000,0x00000000eae56c08,0x00000000eae80000)
  to   space 512K, 0% used [0x00000000eae80000,0x00000000eae80000,0x00000000eaf00000)
 ParOldGen       total 390656K, used 390569K [0x00000000c0000000, 0x00000000d7d80000, 0x00000000eab00000)
  object space 390656K, 99% used [0x00000000c0000000,0x00000000d7d6a570,0x00000000d7d80000)
 Metaspace       used 72593K, committed 74048K, reserved 1114112K
  class space    used 8800K, committed 9472K, reserved 1048576K
}
Event: 460.881 GC heap before
{Heap before GC invocations=489 (full 4):
 PSYoungGen      total 2560K, used 2395K [0x00000000eab00000, 0x00000000eaf00000, 0x0000000100000000)
  eden space 2048K, 100% used [0x00000000eab00000,0x00000000ead00000,0x00000000ead00000)
  from space 512K, 67% used [0x00000000eae00000,0x00000000eae56c08,0x00000000eae80000)
  to   space 512K, 0% used [0x00000000eae80000,0x00000000eae80000,0x00000000eaf00000)
 ParOldGen       total 390656K, used 390569K [0x00000000c0000000, 0x00000000d7d80000, 0x00000000eab00000)
  object space 390656K, 99% used [0x00000000c0000000,0x00000000d7d6a570,0x00000000d7d80000)
 Metaspace       used 72593K, committed 74048K, reserved 1114112K
  class space    used 8800K, committed 9472K, reserved 1048576K
}
Event: 460.883 GC heap after
{Heap after GC invocations=489 (full 4):
 PSYoungGen      total 2560K, used 288K [0x00000000eab00000, 0x00000000eaf00000, 0x0000000100000000)
  eden space 2048K, 0% used [0x00000000eab00000,0x00000000eab00000,0x00000000ead00000)
  from space 512K, 56% used [0x00000000eae80000,0x00000000eaec8000,0x00000000eaf00000)
  to   space 512K, 0% used [0x00000000eae00000,0x00000000eae00000,0x00000000eae80000)
 ParOldGen       total 391168K, used 390812K [0x00000000c0000000, 0x00000000d7e00000, 0x00000000eab00000)
  object space 391168K, 99% used [0x00000000c0000000,0x00000000d7da7178,0x00000000d7e00000)
 Metaspace       used 72593K, committed 74048K, reserved 1114112K
  class space    used 8800K, committed 9472K, reserved 1048576K
}
Event: 460.906 GC heap before
{Heap before GC invocations=490 (full 4):
 PSYoungGen      total 2560K, used 2317K [0x00000000eab00000, 0x00000000eaf00000, 0x0000000100000000)
  eden space 2048K, 99% used [0x00000000eab00000,0x00000000eacfb760,0x00000000ead00000)
  from space 512K, 56% used [0x00000000eae80000,0x00000000eaec8000,0x00000000eaf00000)
  to   space 512K, 0% used [0x00000000eae00000,0x00000000eae00000,0x00000000eae80000)
 ParOldGen       total 391168K, used 390812K [0x00000000c0000000, 0x00000000d7e00000, 0x00000000eab00000)
  object space 391168K, 99% used [0x00000000c0000000,0x00000000d7da7178,0x00000000d7e00000)
 Metaspace       used 72593K, committed 74048K, reserved 1114112K
  class space    used 8800K, committed 9472K, reserved 1048576K
}
Event: 460.908 GC heap after
{Heap after GC invocations=490 (full 4):
 PSYoungGen      total 2560K, used 370K [0x00000000eab00000, 0x00000000eaf00000, 0x0000000100000000)
  eden space 2048K, 0% used [0x00000000eab00000,0x00000000eab00000,0x00000000ead00000)
  from space 512K, 72% used [0x00000000eae00000,0x00000000eae5cba8,0x00000000eae80000)
  to   space 512K, 0% used [0x00000000eae80000,0x00000000eae80000,0x00000000eaf00000)
 ParOldGen       total 391168K, used 390996K [0x00000000c0000000, 0x00000000d7e00000, 0x00000000eab00000)
  object space 391168K, 99% used [0x00000000c0000000,0x00000000d7dd5178,0x00000000d7e00000)
 Metaspace       used 72593K, committed 74048K, reserved 1114112K
  class space    used 8800K, committed 9472K, reserved 1048576K
}
Event: 460.929 GC heap before
{Heap before GC invocations=491 (full 4):
 PSYoungGen      total 2560K, used 2418K [0x00000000eab00000, 0x00000000eaf00000, 0x0000000100000000)
  eden space 2048K, 100% used [0x00000000eab00000,0x00000000ead00000,0x00000000ead00000)
  from space 512K, 72% used [0x00000000eae00000,0x00000000eae5cba8,0x00000000eae80000)
  to   space 512K, 0% used [0x00000000eae80000,0x00000000eae80000,0x00000000eaf00000)
 ParOldGen       total 391168K, used 390996K [0x00000000c0000000, 0x00000000d7e00000, 0x00000000eab00000)
  object space 391168K, 99% used [0x00000000c0000000,0x00000000d7dd5178,0x00000000d7e00000)
 Metaspace       used 72593K, committed 74048K, reserved 1114112K
  class space    used 8800K, committed 9472K, reserved 1048576K
}
Event: 460.931 GC heap after
{Heap after GC invocations=491 (full 4):
 PSYoungGen      total 2560K, used 288K [0x00000000eab00000, 0x00000000eaf00000, 0x0000000100000000)
  eden space 2048K, 0% used [0x00000000eab00000,0x00000000eab00000,0x00000000ead00000)
  from space 512K, 56% used [0x00000000eae80000,0x00000000eaec8000,0x00000000eaf00000)
  to   space 512K, 0% used [0x00000000eae00000,0x00000000eae00000,0x00000000eae80000)
 ParOldGen       total 391680K, used 391196K [0x00000000c0000000, 0x00000000d7e80000, 0x00000000eab00000)
  object space 391680K, 99% used [0x00000000c0000000,0x00000000d7e07178,0x00000000d7e80000)
 Metaspace       used 72593K, committed 74048K, reserved 1114112K
  class space    used 8800K, committed 9472K, reserved 1048576K
}
Event: 460.951 GC heap before
{Heap before GC invocations=492 (full 4):
 PSYoungGen      total 2560K, used 2336K [0x00000000eab00000, 0x00000000eaf00000, 0x0000000100000000)
  eden space 2048K, 100% used [0x00000000eab00000,0x00000000ead00000,0x00000000ead00000)
  from space 512K, 56% used [0x00000000eae80000,0x00000000eaec8000,0x00000000eaf00000)
  to   space 512K, 0% used [0x00000000eae00000,0x00000000eae00000,0x00000000eae80000)
 ParOldGen       total 391680K, used 391196K [0x00000000c0000000, 0x00000000d7e80000, 0x00000000eab00000)
  object space 391680K, 99% used [0x00000000c0000000,0x00000000d7e07178,0x00000000d7e80000)
 Metaspace       used 72593K, committed 74048K, reserved 1114112K
  class space    used 8800K, committed 9472K, reserved 1048576K
}
Event: 460.953 GC heap after
{Heap after GC invocations=492 (full 4):
 PSYoungGen      total 2560K, used 391K [0x00000000eab00000, 0x00000000eaf00000, 0x0000000100000000)
  eden space 2048K, 0% used [0x00000000eab00000,0x00000000eab00000,0x00000000ead00000)
  from space 512K, 76% used [0x00000000eae00000,0x00000000eae61f40,0x00000000eae80000)
  to   space 512K, 0% used [0x00000000eae80000,0x00000000eae80000,0x00000000eaf00000)
 ParOldGen       total 391680K, used 391380K [0x00000000c0000000, 0x00000000d7e80000, 0x00000000eab00000)
  object space 391680K, 99% used [0x00000000c0000000,0x00000000d7e35178,0x00000000d7e80000)
 Metaspace       used 72593K, committed 74048K, reserved 1114112K
  class space    used 8800K, committed 9472K, reserved 1048576K
}
Event: 460.983 GC heap before
{Heap before GC invocations=493 (full 4):
 PSYoungGen      total 2560K, used 2439K [0x00000000eab00000, 0x00000000eaf00000, 0x0000000100000000)
  eden space 2048K, 100% used [0x00000000eab00000,0x00000000ead00000,0x00000000ead00000)
  from space 512K, 76% used [0x00000000eae00000,0x00000000eae61f40,0x00000000eae80000)
  to   space 512K, 0% used [0x00000000eae80000,0x00000000eae80000,0x00000000eaf00000)
 ParOldGen       total 391680K, used 391380K [0x00000000c0000000, 0x00000000d7e80000, 0x00000000eab00000)
  object space 391680K, 99% used [0x00000000c0000000,0x00000000d7e35178,0x00000000d7e80000)
 Metaspace       used 72593K, committed 74048K, reserved 1114112K
  class space    used 8800K, committed 9472K, reserved 1048576K
}
Event: 460.985 GC heap after
{Heap after GC invocations=493 (full 4):
 PSYoungGen      total 2560K, used 438K [0x00000000eab00000, 0x00000000eaf00000, 0x0000000100000000)
  eden space 2048K, 0% used [0x00000000eab00000,0x00000000eab00000,0x00000000ead00000)
  from space 512K, 85% used [0x00000000eae80000,0x00000000eaeed808,0x00000000eaf00000)
  to   space 512K, 0% used [0x00000000eae00000,0x00000000eae00000,0x00000000eae80000)
 ParOldGen       total 391680K, used 391628K [0x00000000c0000000, 0x00000000d7e80000, 0x00000000eab00000)
  object space 391680K, 99% used [0x00000000c0000000,0x00000000d7e73178,0x00000000d7e80000)
 Metaspace       used 72593K, committed 74048K, reserved 1114112K
  class space    used 8800K, committed 9472K, reserved 1048576K
}
Event: 461.002 GC heap before
{Heap before GC invocations=494 (full 4):
 PSYoungGen      total 2560K, used 2486K [0x00000000eab00000, 0x00000000eaf00000, 0x0000000100000000)
  eden space 2048K, 100% used [0x00000000eab00000,0x00000000ead00000,0x00000000ead00000)
  from space 512K, 85% used [0x00000000eae80000,0x00000000eaeed808,0x00000000eaf00000)
  to   space 512K, 0% used [0x00000000eae00000,0x00000000eae00000,0x00000000eae80000)
 ParOldGen       total 391680K, used 391628K [0x00000000c0000000, 0x00000000d7e80000, 0x00000000eab00000)
  object space 391680K, 99% used [0x00000000c0000000,0x00000000d7e73178,0x00000000d7e80000)
 Metaspace       used 72593K, committed 74048K, reserved 1114112K
  class space    used 8800K, committed 9472K, reserved 1048576K
}
Event: 461.005 GC heap after
{Heap after GC invocations=494 (full 4):
 PSYoungGen      total 2560K, used 393K [0x00000000eab00000, 0x00000000eaf00000, 0x0000000100000000)
  eden space 2048K, 0% used [0x00000000eab00000,0x00000000eab00000,0x00000000ead00000)
  from space 512K, 76% used [0x00000000eae00000,0x00000000eae62420,0x00000000eae80000)
  to   space 512K, 0% used [0x00000000eae80000,0x00000000eae80000,0x00000000eaf00000)
 ParOldGen       total 392192K, used 391890K [0x00000000c0000000, 0x00000000d7f00000, 0x00000000eab00000)
  object space 392192K, 99% used [0x00000000c0000000,0x00000000d7eb4980,0x00000000d7f00000)
 Metaspace       used 72593K, committed 74048K, reserved 1114112K
  class space    used 8800K, committed 9472K, reserved 1048576K
}
Event: 461.041 GC heap before
{Heap before GC invocations=495 (full 4):
 PSYoungGen      total 2560K, used 2441K [0x00000000eab00000, 0x00000000eaf00000, 0x0000000100000000)
  eden space 2048K, 100% used [0x00000000eab00000,0x00000000ead00000,0x00000000ead00000)
  from space 512K, 76% used [0x00000000eae00000,0x00000000eae62420,0x00000000eae80000)
  to   space 512K, 0% used [0x00000000eae80000,0x00000000eae80000,0x00000000eaf00000)
 ParOldGen       total 392192K, used 391890K [0x00000000c0000000, 0x00000000d7f00000, 0x00000000eab00000)
  object space 392192K, 99% used [0x00000000c0000000,0x00000000d7eb4980,0x00000000d7f00000)
 Metaspace       used 72593K, committed 74048K, reserved 1114112K
  class space    used 8800K, committed 9472K, reserved 1048576K
}
Event: 461.044 GC heap after
{Heap after GC invocations=495 (full 4):
 PSYoungGen      total 2560K, used 352K [0x00000000eab00000, 0x00000000eaf00000, 0x0000000100000000)
  eden space 2048K, 0% used [0x00000000eab00000,0x00000000eab00000,0x00000000ead00000)
  from space 512K, 68% used [0x00000000eae80000,0x00000000eaed8000,0x00000000eaf00000)
  to   space 512K, 0% used [0x00000000eae00000,0x00000000eae00000,0x00000000eae80000)
 ParOldGen       total 392192K, used 392130K [0x00000000c0000000, 0x00000000d7f00000, 0x00000000eab00000)
  object space 392192K, 99% used [0x00000000c0000000,0x00000000d7ef0980,0x00000000d7f00000)
 Metaspace       used 72593K, committed 74048K, reserved 1114112K
  class space    used 8800K, committed 9472K, reserved 1048576K
}
Event: 461.077 GC heap before
{Heap before GC invocations=496 (full 4):
 PSYoungGen      total 2560K, used 2399K [0x00000000eab00000, 0x00000000eaf00000, 0x0000000100000000)
  eden space 2048K, 99% used [0x00000000eab00000,0x00000000eacfff60,0x00000000ead00000)
  from space 512K, 68% used [0x00000000eae80000,0x00000000eaed8000,0x00000000eaf00000)
  to   space 512K, 0% used [0x00000000eae00000,0x00000000eae00000,0x00000000eae80000)
 ParOldGen       total 392192K, used 392130K [0x00000000c0000000, 0x00000000d7f00000, 0x00000000eab00000)
  object space 392192K, 99% used [0x00000000c0000000,0x00000000d7ef0980,0x00000000d7f00000)
 Metaspace       used 72593K, committed 74048K, reserved 1114112K
  class space    used 8800K, committed 9472K, reserved 1048576K
}
Event: 461.081 GC heap after
{Heap after GC invocations=496 (full 4):
 PSYoungGen      total 2560K, used 384K [0x00000000eab00000, 0x00000000eaf00000, 0x0000000100000000)
  eden space 2048K, 0% used [0x00000000eab00000,0x00000000eab00000,0x00000000ead00000)
  from space 512K, 75% used [0x00000000eae00000,0x00000000eae60000,0x00000000eae80000)
  to   space 512K, 0% used [0x00000000eae80000,0x00000000eae80000,0x00000000eaf00000)
 ParOldGen       total 392704K, used 392362K [0x00000000c0000000, 0x00000000d7f80000, 0x00000000eab00000)
  object space 392704K, 99% used [0x00000000c0000000,0x00000000d7f2a980,0x00000000d7f80000)
 Metaspace       used 72593K, committed 74048K, reserved 1114112K
  class space    used 8800K, committed 9472K, reserved 1048576K
}
Event: 461.105 GC heap before
{Heap before GC invocations=497 (full 4):
 PSYoungGen      total 2560K, used 2432K [0x00000000eab00000, 0x00000000eaf00000, 0x0000000100000000)
  eden space 2048K, 100% used [0x00000000eab00000,0x00000000ead00000,0x00000000ead00000)
  from space 512K, 75% used [0x00000000eae00000,0x00000000eae60000,0x00000000eae80000)
  to   space 512K, 0% used [0x00000000eae80000,0x00000000eae80000,0x00000000eaf00000)
 ParOldGen       total 392704K, used 392362K [0x00000000c0000000, 0x00000000d7f80000, 0x00000000eab00000)
  object space 392704K, 99% used [0x00000000c0000000,0x00000000d7f2a980,0x00000000d7f80000)
 Metaspace       used 72593K, committed 74048K, reserved 1114112K
  class space    used 8800K, committed 9472K, reserved 1048576K
}
Event: 461.109 GC heap after
{Heap after GC invocations=497 (full 4):
 PSYoungGen      total 2560K, used 320K [0x00000000eab00000, 0x00000000eaf00000, 0x0000000100000000)
  eden space 2048K, 0% used [0x00000000eab00000,0x00000000eab00000,0x00000000ead00000)
  from space 512K, 62% used [0x00000000eae80000,0x00000000eaed0000,0x00000000eaf00000)
  to   space 512K, 0% used [0x00000000eae00000,0x00000000eae00000,0x00000000eae80000)
 ParOldGen       total 392704K, used 392610K [0x00000000c0000000, 0x00000000d7f80000, 0x00000000eab00000)
  object space 392704K, 99% used [0x00000000c0000000,0x00000000d7f68980,0x00000000d7f80000)
 Metaspace       used 72593K, committed 74048K, reserved 1114112K
  class space    used 8800K, committed 9472K, reserved 1048576K
}
Event: 461.129 GC heap before
{Heap before GC invocations=498 (full 4):
 PSYoungGen      total 2560K, used 2368K [0x00000000eab00000, 0x00000000eaf00000, 0x0000000100000000)
  eden space 2048K, 100% used [0x00000000eab00000,0x00000000ead00000,0x00000000ead00000)
  from space 512K, 62% used [0x00000000eae80000,0x00000000eaed0000,0x00000000eaf00000)
  to   space 512K, 0% used [0x00000000eae00000,0x00000000eae00000,0x00000000eae80000)
 ParOldGen       total 392704K, used 392610K [0x00000000c0000000, 0x00000000d7f80000, 0x00000000eab00000)
  object space 392704K, 99% used [0x00000000c0000000,0x00000000d7f68980,0x00000000d7f80000)
 Metaspace       used 72593K, committed 74048K, reserved 1114112K
  class space    used 8800K, committed 9472K, reserved 1048576K
}

