# JRE version: OpenJDK Runtime Environment (21.0.3) (build 21.0.3+-12282718-b509.11)
# Java VM: OpenJDK 64-Bit Server VM (21.0.3+-12282718-b509.11, mixed mode, tiered, compressed oops, compressed class ptrs, g1 gc, windows-amd64)
GC Precious Log:
 CardTable entry size: 512
 Card Set container configuration: InlinePtr #cards 4 size 8 Array Of Cards #cards 32 size 80 Howl #buckets 8 coarsen threshold 7372 Howl Bitmap #cards 1024 size 144 coarsen threshold 921 Card regions per heap region 1 cards per card region 8192
 CPUs: 8 total, 8 available
 Memory: 3784M
 Large Page Support: Disabled
 NUMA Support: Disabled
 Compressed Oops: Enabled (Zero based)
 Heap Region Size: 4M
 Heap Min Capacity: 8M
 Heap Initial Capacity: 60M
 Heap Max Capacity: 8G
 Pre-touch: Disabled
 Parallel Workers: 8
 Concurrent Workers: 2
 Concurrent Refinement Workers: 8
 Periodic GC: Disabled
Heap:
 garbage-first heap   total 503808K, used 265088K [0x0000000600000000, 0x0000000800000000)
  region size 4096K, 2 young (8192K), 2 survivors (8192K)
 Metaspace       used 203968K, committed 206912K, reserved 1245184K
  class space    used 26395K, committed 27840K, reserved 1048576K
GC Heap History (20 events):
Event: 57.131 GC heap after
{Heap after GC invocations=61 (full 0):
 garbage-first heap   total 368640K, used 212433K [0x0000000600000000, 0x0000000800000000)
  region size 4096K, 3 young (12288K), 3 survivors (12288K)
 Metaspace       used 142848K, committed 145408K, reserved 1179648K
  class space    used 19204K, committed 20480K, reserved 1048576K
}
Event: 64.181 GC heap before
{Heap before GC invocations=61 (full 0):
 garbage-first heap   total 368640K, used 327121K [0x0000000600000000, 0x0000000800000000)
  region size 4096K, 31 young (126976K), 3 survivors (12288K)
 Metaspace       used 156619K, committed 159296K, reserved 1245184K
  class space    used 20572K, committed 21888K, reserved 1048576K
}
Event: 64.235 GC heap after
{Heap after GC invocations=62 (full 0):
 garbage-first heap   total 368640K, used 218833K [0x0000000600000000, 0x0000000800000000)
  region size 4096K, 4 young (16384K), 4 survivors (16384K)
 Metaspace       used 156619K, committed 159296K, reserved 1245184K
  class space    used 20572K, committed 21888K, reserved 1048576K
}
Event: 72.670 GC heap before
{Heap before GC invocations=62 (full 0):
 garbage-first heap   total 368640K, used 329425K [0x0000000600000000, 0x0000000800000000)
  region size 4096K, 31 young (126976K), 4 survivors (16384K)
 Metaspace       used 169299K, committed 171968K, reserved 1245184K
  class space    used 21957K, committed 23296K, reserved 1048576K
}
Event: 72.751 GC heap after
{Heap after GC invocations=63 (full 0):
 garbage-first heap   total 368640K, used 222387K [0x0000000600000000, 0x0000000800000000)
  region size 4096K, 3 young (12288K), 3 survivors (12288K)
 Metaspace       used 169299K, committed 171968K, reserved 1245184K
  class space    used 21957K, committed 23296K, reserved 1048576K
}
Event: 79.673 GC heap before
{Heap before GC invocations=63 (full 0):
 garbage-first heap   total 368640K, used 332979K [0x0000000600000000, 0x0000000800000000)
  region size 4096K, 30 young (122880K), 3 survivors (12288K)
 Metaspace       used 176822K, committed 179648K, reserved 1245184K
  class space    used 23138K, committed 24512K, reserved 1048576K
}
Event: 79.805 GC heap after
{Heap after GC invocations=64 (full 0):
 garbage-first heap   total 368640K, used 226770K [0x0000000600000000, 0x0000000800000000)
  region size 4096K, 2 young (8192K), 2 survivors (8192K)
 Metaspace       used 176822K, committed 179648K, reserved 1245184K
  class space    used 23138K, committed 24512K, reserved 1048576K
}
Event: 87.867 GC heap before
{Heap before GC invocations=65 (full 0):
 garbage-first heap   total 417792K, used 329170K [0x0000000600000000, 0x0000000800000000)
  region size 4096K, 28 young (114688K), 2 survivors (8192K)
 Metaspace       used 183115K, committed 185920K, reserved 1245184K
  class space    used 23891K, committed 25280K, reserved 1048576K
}
Event: 88.081 GC heap after
{Heap after GC invocations=66 (full 0):
 garbage-first heap   total 417792K, used 230126K [0x0000000600000000, 0x0000000800000000)
  region size 4096K, 4 young (16384K), 4 survivors (16384K)
 Metaspace       used 183115K, committed 185920K, reserved 1245184K
  class space    used 23891K, committed 25280K, reserved 1048576K
}
Event: 132.948 GC heap before
{Heap before GC invocations=66 (full 0):
 garbage-first heap   total 417792K, used 373486K [0x0000000600000000, 0x0000000800000000)
  region size 4096K, 39 young (159744K), 4 survivors (16384K)
 Metaspace       used 193105K, committed 195968K, reserved 1245184K
  class space    used 25211K, committed 26624K, reserved 1048576K
}
Event: 134.005 GC heap after
{Heap after GC invocations=67 (full 0):
 garbage-first heap   total 503808K, used 242211K [0x0000000600000000, 0x0000000800000000)
  region size 4096K, 4 young (16384K), 4 survivors (16384K)
 Metaspace       used 193105K, committed 195968K, reserved 1245184K
  class space    used 25211K, committed 26624K, reserved 1048576K
}
Event: 134.871 GC heap before
{Heap before GC invocations=67 (full 0):
 garbage-first heap   total 503808K, used 250403K [0x0000000600000000, 0x0000000800000000)
  region size 4096K, 6 young (24576K), 4 survivors (16384K)
 Metaspace       used 193393K, committed 196288K, reserved 1245184K
  class space    used 25255K, committed 26688K, reserved 1048576K
}
Event: 134.972 GC heap after
{Heap after GC invocations=68 (full 0):
 garbage-first heap   total 503808K, used 241263K [0x0000000600000000, 0x0000000800000000)
  region size 4096K, 1 young (4096K), 1 survivors (4096K)
 Metaspace       used 193393K, committed 196288K, reserved 1245184K
  class space    used 25255K, committed 26688K, reserved 1048576K
}
Event: 384.666 GC heap before
{Heap before GC invocations=68 (full 0):
 garbage-first heap   total 503808K, used 413295K [0x0000000600000000, 0x0000000800000000)
  region size 4096K, 44 young (180224K), 1 survivors (4096K)
 Metaspace       used 203476K, committed 206400K, reserved 1245184K
  class space    used 26352K, committed 27840K, reserved 1048576K
}
Event: 385.218 GC heap after
{Heap after GC invocations=69 (full 0):
 garbage-first heap   total 503808K, used 251571K [0x0000000600000000, 0x0000000800000000)
  region size 4096K, 4 young (16384K), 4 survivors (16384K)
 Metaspace       used 203476K, committed 206400K, reserved 1245184K
  class space    used 26352K, committed 27840K, reserved 1048576K
}
Event: 386.866 GC heap before
{Heap before GC invocations=69 (full 0):
 garbage-first heap   total 503808K, used 259763K [0x0000000600000000, 0x0000000800000000)
  region size 4096K, 6 young (24576K), 4 survivors (16384K)
 Metaspace       used 203521K, committed 206528K, reserved 1245184K
  class space    used 26352K, committed 27840K, reserved 1048576K
}
Event: 386.917 GC heap after
{Heap after GC invocations=70 (full 0):
 garbage-first heap   total 503808K, used 253406K [0x0000000600000000, 0x0000000800000000)
  region size 4096K, 1 young (4096K), 1 survivors (4096K)
 Metaspace       used 203521K, committed 206528K, reserved 1245184K
  class space    used 26352K, committed 27840K, reserved 1048576K
}
Event: 398.252 GC heap before
{Heap before GC invocations=70 (full 0):
 garbage-first heap   total 503808K, used 347614K [0x0000000600000000, 0x0000000800000000)
  region size 4096K, 24 young (98304K), 1 survivors (4096K)
 Metaspace       used 203869K, committed 206848K, reserved 1245184K
  class space    used 26383K, committed 27840K, reserved 1048576K
}
Event: 398.446 GC heap after
{Heap after GC invocations=71 (full 0):
 garbage-first heap   total 503808K, used 260480K [0x0000000600000000, 0x0000000800000000)
  region size 4096K, 3 young (12288K), 3 survivors (12288K)
 Metaspace       used 203869K, committed 206848K, reserved 1245184K
  class space    used 26383K, committed 27840K, reserved 1048576K
}
Event: 404.829 GC heap before
{Heap before GC invocations=71 (full 0):
 garbage-first heap   total 503808K, used 313728K [0x0000000600000000, 0x0000000800000000)
  region size 4096K, 16 young (65536K), 3 survivors (12288K)
 Metaspace       used 203968K, committed 206912K, reserved 1245184K
  class space    used 26395K, committed 27840K, reserved 1048576K
}

